<?xml version="1.0" encoding="UTF-8"?>
<!-- Generated by org.testng.reporters.JUnitReportReporter -->
<testsuite skipped="0" hostname="DESKTOP-JKI4BIL" name="NewTest" tests="1" failures="0" timestamp="24 Jan 2019 06:31:38 GMT" time="0.006" errors="0">
  <testcase name="Justcheck" time="0.006" classname="NewTest"/>
</testsuite> <!-- NewTest -->
